Sat Dec 30 2017 22:12:37 GMT+0530 (India Standard Time): GET /
Sat Dec 30 2017 22:12:42 GMT+0530 (India Standard Time): GET /about
Sat Dec 30 2017 22:19:08 GMT+0530 (India Standard Time): GET /
Sat Dec 30 2017 22:19:52 GMT+0530 (India Standard Time): GET /
Sat Dec 30 2017 22:20:14 GMT+0530 (India Standard Time): GET /
Sat Dec 30 2017 22:21:31 GMT+0530 (India Standard Time): GET /
Sat Dec 30 2017 22:21:54 GMT+0530 (India Standard Time): GET /
Sat Dec 30 2017 22:22:06 GMT+0530 (India Standard Time): GET /about
Sun Dec 31 2017 17:50:35 GMT+0530 (India Standard Time): GET /
Sun Dec 31 2017 17:50:35 GMT+0530 (India Standard Time): GET /favicon.ico
Sun Dec 31 2017 17:51:22 GMT+0530 (India Standard Time): GET /
Sun Dec 31 2017 17:51:22 GMT+0530 (India Standard Time): GET /favicon.ico
Sun Dec 31 2017 17:51:24 GMT+0530 (India Standard Time): GET /
Sun Dec 31 2017 17:51:24 GMT+0530 (India Standard Time): GET /favicon.ico
Sun Dec 31 2017 17:51:25 GMT+0530 (India Standard Time): GET /
Sun Dec 31 2017 17:51:25 GMT+0530 (India Standard Time): GET /favicon.ico
Sun Dec 31 2017 17:51:44 GMT+0530 (India Standard Time): GET /
Sun Dec 31 2017 17:51:45 GMT+0530 (India Standard Time): GET /favicon.ico
Sun Dec 31 2017 17:51:46 GMT+0530 (India Standard Time): GET /
Sun Dec 31 2017 17:51:46 GMT+0530 (India Standard Time): GET /favicon.ico
Sun Dec 31 2017 17:51:54 GMT+0530 (India Standard Time): GET /
Sun Dec 31 2017 17:51:54 GMT+0530 (India Standard Time): GET /favicon.ico
Sun Dec 31 2017 18:06:47 GMT+0530 (India Standard Time): GET /
Sun Dec 31 2017 18:06:48 GMT+0530 (India Standard Time): GET /project
Sun Dec 31 2017 18:06:50 GMT+0530 (India Standard Time): GET /
Sun Dec 31 2017 18:06:51 GMT+0530 (India Standard Time): GET /about
Sun Dec 31 2017 18:06:52 GMT+0530 (India Standard Time): GET /project
